0 info it worked if it ends with ok
1 verbose cli [ '/Users/thomas/.nvm/versions/node/v7.2.1/bin/node',
1 verbose cli   '/Users/thomas/.nvm/versions/node/v7.2.1/bin/npm',
1 verbose cli   'run',
1 verbose cli   'ava',
1 verbose cli   '--',
1 verbose cli   './src/utilitiesForPromises/test.js' ]
2 info using npm@3.10.10
3 info using node@v7.2.1
4 verbose run-script [ 'preava', 'ava', 'postava' ]
5 info lifecycle wonder@1.0.0~preava: wonder@1.0.0
6 silly lifecycle wonder@1.0.0~preava: no script for preava, continuing
7 info lifecycle wonder@1.0.0~ava: wonder@1.0.0
8 verbose lifecycle wonder@1.0.0~ava: unsafe-perm in lifecycle true
9 verbose lifecycle wonder@1.0.0~ava: PATH: /Users/thomas/.nvm/versions/node/v7.2.1/lib/node_modules/npm/bin/node-gyp-bin:/Users/thomas/Desktop/example-for-promise-rate-limit/node_modules/.bin:/Users/thomas/.nvm/versions/node/v7.2.1/bin:/Users/thomas/.bin/terraform_0.6.16_darwin_amd64:/usr/local/terraform/bin:/home/your-user-name/terraform:/usr/local/bin:/usr/bin:/bin:/usr/sbin:/sbin
10 verbose lifecycle wonder@1.0.0~ava: CWD: /Users/thomas/Desktop/example-for-promise-rate-limit
11 silly lifecycle wonder@1.0.0~ava: Args: [ '-c', 'ava "./src/utilitiesForPromises/test.js"' ]
12 silly lifecycle wonder@1.0.0~ava: Returned: code: 1  signal: null
13 info lifecycle wonder@1.0.0~ava: Failed to exec ava script
14 verbose stack Error: wonder@1.0.0 ava: `ava "./src/utilitiesForPromises/test.js"`
14 verbose stack Exit status 1
14 verbose stack     at EventEmitter.<anonymous> (/Users/thomas/.nvm/versions/node/v7.2.1/lib/node_modules/npm/lib/utils/lifecycle.js:255:16)
14 verbose stack     at emitTwo (events.js:106:13)
14 verbose stack     at EventEmitter.emit (events.js:191:7)
14 verbose stack     at ChildProcess.<anonymous> (/Users/thomas/.nvm/versions/node/v7.2.1/lib/node_modules/npm/lib/utils/spawn.js:40:14)
14 verbose stack     at emitTwo (events.js:106:13)
14 verbose stack     at ChildProcess.emit (events.js:191:7)
14 verbose stack     at maybeClose (internal/child_process.js:885:16)
14 verbose stack     at Process.ChildProcess._handle.onexit (internal/child_process.js:226:5)
15 verbose pkgid wonder@1.0.0
16 verbose cwd /Users/thomas/Desktop/example-for-promise-rate-limit
17 error Darwin 15.4.0
18 error argv "/Users/thomas/.nvm/versions/node/v7.2.1/bin/node" "/Users/thomas/.nvm/versions/node/v7.2.1/bin/npm" "run" "ava" "--" "./src/utilitiesForPromises/test.js"
19 error node v7.2.1
20 error npm  v3.10.10
21 error code ELIFECYCLE
22 error wonder@1.0.0 ava: `ava "./src/utilitiesForPromises/test.js"`
22 error Exit status 1
23 error Failed at the wonder@1.0.0 ava script 'ava "./src/utilitiesForPromises/test.js"'.
23 error Make sure you have the latest version of node.js and npm installed.
23 error If you do, this is most likely a problem with the wonder package,
23 error not with npm itself.
23 error Tell the author that this fails on your system:
23 error     ava "./src/utilitiesForPromises/test.js"
23 error You can get information on how to open an issue for this project with:
23 error     npm bugs wonder
23 error Or if that isn't available, you can get their info via:
23 error     npm owner ls wonder
23 error There is likely additional logging output above.
24 verbose exit [ 1, true ]
